<?xml version="1.0" encoding="UTF-8"?>
<testng-results skipped="0" failed="0" ignored="0" total="2" passed="2">
  <reporter-output>
  </reporter-output>
  <suite name="SampleSuite2" duration-ms="64439" started-at="2021-09-17T09:22:32 IST" finished-at="2021-09-17T09:23:37 IST">
    <groups>
    </groups>
    <test name="SampleTest" duration-ms="25817" started-at="2021-09-17T09:22:32 IST" finished-at="2021-09-17T09:22:58 IST">
      <class name="com.picnic.maven.CrossBrowserScript">
        <test-method status="PASS" signature="setup(java.lang.String)[pri:0, instance:com.picnic.maven.CrossBrowserScript@13275d8]" name="setup" is-config="true" duration-ms="8313" started-at="2021-09-17T09:22:32 IST" finished-at="2021-09-17T09:22:41 IST">
          <params>
            <param index="0">
              <value>
                <![CDATA[Chrome]]>
              </value>
            </param>
          </params>
          <reporter-output>
          </reporter-output>
        </test-method> <!-- setup -->
        <test-method status="PASS" signature="testParameterWithXML()[pri:0, instance:com.picnic.maven.CrossBrowserScript@13275d8]" name="testParameterWithXML" duration-ms="17421" started-at="2021-09-17T09:22:41 IST" finished-at="2021-09-17T09:22:58 IST">
          <reporter-output>
          </reporter-output>
        </test-method> <!-- testParameterWithXML -->
      </class> <!-- com.picnic.maven.CrossBrowserScript -->
    </test> <!-- SampleTest -->
    <test name="Sample2Test" duration-ms="38378" started-at="2021-09-17T09:22:58 IST" finished-at="2021-09-17T09:23:37 IST">
      <class name="com.picnic.maven.CrossBrowserScript">
        <test-method status="PASS" signature="setup(java.lang.String)[pri:0, instance:com.picnic.maven.CrossBrowserScript@1894593a]" name="setup" is-config="true" duration-ms="18691" started-at="2021-09-17T09:22:58 IST" finished-at="2021-09-17T09:23:17 IST">
          <params>
            <param index="0">
              <value>
                <![CDATA[Firefox]]>
              </value>
            </param>
          </params>
          <reporter-output>
          </reporter-output>
        </test-method> <!-- setup -->
        <test-method status="PASS" signature="testParameterWithXML()[pri:0, instance:com.picnic.maven.CrossBrowserScript@1894593a]" name="testParameterWithXML" duration-ms="19685" started-at="2021-09-17T09:23:17 IST" finished-at="2021-09-17T09:23:37 IST">
          <reporter-output>
          </reporter-output>
        </test-method> <!-- testParameterWithXML -->
      </class> <!-- com.picnic.maven.CrossBrowserScript -->
    </test> <!-- Sample2Test -->
  </suite> <!-- SampleSuite2 -->
</testng-results>
