<?xml version="1.0" encoding="UTF-8"?>
<testng-results ignored="0" total="2" passed="2" failed="0" skipped="0">
  <reporter-output>
  </reporter-output>
  <suite started-at="2021-09-15T18:54:39 IST" name="SampleSuite2" finished-at="2021-09-15T18:55:25 IST" duration-ms="46162">
    <groups>
    </groups>
    <test started-at="2021-09-15T18:54:39 IST" name="SampleTest" finished-at="2021-09-15T18:55:01 IST" duration-ms="21886">
      <class name="com.picnic.maven.RecorderScript">
        <test-method is-config="true" signature="setup(java.lang.String)[pri:0, instance:com.picnic.maven.RecorderScript@1e04fa0a]" started-at="2021-09-15T18:54:39 IST" name="setup" finished-at="2021-09-15T18:54:45 IST" duration-ms="5968" status="PASS">
          <params>
            <param index="0">
              <value>
                <![CDATA[Chrome]]>
              </value>
            </param>
          </params>
          <reporter-output>
          </reporter-output>
        </test-method> <!-- setup -->
        <test-method signature="testParameterWithXML()[pri:0, instance:com.picnic.maven.RecorderScript@1e04fa0a]" started-at="2021-09-15T18:54:45 IST" name="testParameterWithXML" finished-at="2021-09-15T18:55:01 IST" duration-ms="15870" status="PASS">
          <reporter-output>
          </reporter-output>
        </test-method> <!-- testParameterWithXML -->
      </class> <!-- com.picnic.maven.RecorderScript -->
    </test> <!-- SampleTest -->
    <test started-at="2021-09-15T18:55:01 IST" name="Sample2Test" finished-at="2021-09-15T18:55:25 IST" duration-ms="24215">
      <class name="com.picnic.maven.RecorderScript">
        <test-method is-config="true" signature="setup(java.lang.String)[pri:0, instance:com.picnic.maven.RecorderScript@27462a88]" started-at="2021-09-15T18:55:01 IST" name="setup" finished-at="2021-09-15T18:55:08 IST" duration-ms="7682" status="PASS">
          <params>
            <param index="0">
              <value>
                <![CDATA[Firefox]]>
              </value>
            </param>
          </params>
          <reporter-output>
          </reporter-output>
        </test-method> <!-- setup -->
        <test-method signature="testParameterWithXML()[pri:0, instance:com.picnic.maven.RecorderScript@27462a88]" started-at="2021-09-15T18:55:08 IST" name="testParameterWithXML" finished-at="2021-09-15T18:55:25 IST" duration-ms="16530" status="PASS">
          <reporter-output>
          </reporter-output>
        </test-method> <!-- testParameterWithXML -->
      </class> <!-- com.picnic.maven.RecorderScript -->
    </test> <!-- Sample2Test -->
  </suite> <!-- SampleSuite2 -->
</testng-results>
