<?xml version="1.0" encoding="UTF-8"?>
<testng-results skipped="0" failed="0" ignored="0" total="1" passed="1">
  <reporter-output>
  </reporter-output>
  <suite name="Default suite" duration-ms="21269" started-at="2021-09-20T11:36:05 IST" finished-at="2021-09-20T11:36:26 IST">
    <groups>
    </groups>
    <test name="Default test" duration-ms="21269" started-at="2021-09-20T11:36:05 IST" finished-at="2021-09-20T11:36:26 IST">
      <class name="com.orange.pagetest.homePageTest">
        <test-method status="PASS" signature="setUp()[pri:0, instance:com.orange.pagetest.homePageTest@64485a47]" name="setUp" is-config="true" duration-ms="17740" started-at="2021-09-20T11:36:05 IST" finished-at="2021-09-20T11:36:22 IST">
          <reporter-output>
          </reporter-output>
        </test-method> <!-- setUp -->
        <test-method status="PASS" signature="orangelogoTest()[pri:1, instance:com.orange.pagetest.homePageTest@64485a47]" name="orangelogoTest" duration-ms="129" started-at="2021-09-20T11:36:22 IST" finished-at="2021-09-20T11:36:22 IST">
          <reporter-output>
          </reporter-output>
        </test-method> <!-- orangelogoTest -->
        <test-method status="PASS" signature="tearDown()[pri:0, instance:com.orange.pagetest.homePageTest@64485a47]" name="tearDown" is-config="true" duration-ms="3303" started-at="2021-09-20T11:36:22 IST" finished-at="2021-09-20T11:36:26 IST">
          <reporter-output>
          </reporter-output>
        </test-method> <!-- tearDown -->
      </class> <!-- com.orange.pagetest.homePageTest -->
    </test> <!-- Default test -->
  </suite> <!-- Default suite -->
</testng-results>
